<?xml version="1.0" encoding="UTF-8"?>
<testng-results skipped="0" failed="0" total="1" passed="1">
  <reporter-output>
  </reporter-output>
  <suite name="Tests for CI" duration-ms="27" started-at="2017-06-13T10:30:48Z" finished-at="2017-06-13T10:30:48Z">
    <groups>
    </groups>
    <test name="Basic tests" duration-ms="27" started-at="2017-06-13T10:30:48Z" finished-at="2017-06-13T10:30:48Z">
      <class name="example.Demo">
        <test-method status="PASS" signature="beforeTest()[pri:0, instance:example.Demo@17550481]" name="beforeTest" is-config="true" duration-ms="15" started-at="2017-06-13T18:30:48Z" finished-at="2017-06-13T18:30:48Z">
          <reporter-output>
          </reporter-output>
        </test-method> <!-- beforeTest -->
        <test-method status="PASS" signature="f()[pri:0, instance:example.Demo@17550481]" name="f" duration-ms="1" started-at="2017-06-13T18:30:48Z" finished-at="2017-06-13T18:30:48Z">
          <reporter-output>
          </reporter-output>
        </test-method> <!-- f -->
        <test-method status="PASS" signature="afterTest()[pri:0, instance:example.Demo@17550481]" name="afterTest" is-config="true" duration-ms="1" started-at="2017-06-13T18:30:48Z" finished-at="2017-06-13T18:30:48Z">
          <reporter-output>
          </reporter-output>
        </test-method> <!-- afterTest -->
      </class> <!-- example.Demo -->
    </test> <!-- Basic tests -->
  </suite> <!-- Tests for CI -->
</testng-results>
